INFO 2021-11-05 22:59:42,475 root : Сервер доступний. Час на сервері: 05.11.21 20:59
INFO 2021-11-05 22:59:42,476 root : Запитувана сторінка: : localhost:8000/health/
INFO 2021-11-05 22:59:42,476 root : Відповідь сервера місти наступні поля:
INFO 2021-11-05 22:59:42,476 root : Ключ: date, Значення: 05.11.21 20:59
INFO 2021-11-05 22:59:42,476 root : Ключ: current_page, Значення: localhost:8000/health/
INFO 2021-11-05 22:59:42,476 root : Ключ: server_info, Значення: OSName: Linux; NodeName: chemist-VirtualBox; Release:5.11.0-38-generic; Version:#42~20.04.1-Ubuntu SMP Tue Sep 28 20:41:07 UTC 2021; Indentificator:x86_64
INFO 2021-11-05 22:59:42,476 root : Ключ: client_info, Значення: Browser: python-requests/2.22.0  IP: 127.0.0.1 
ERROR 2021-11-05 23:00:42,503 root : Сервер недоступний.
ERROR 2021-11-05 23:01:42,555 root : Сервер недоступний.
ERROR 2021-11-05 23:02:42,618 root : Сервер недоступний.
ERROR 2021-11-05 23:03:42,672 root : Сервер недоступний.
ERROR 2021-11-05 23:04:42,693 root : Сервер недоступний.
ERROR 2021-11-05 23:05:42,720 root : Сервер недоступний.
ERROR 2021-11-05 23:06:42,768 root : Сервер недоступний.
ERROR 2021-11-05 23:07:42,773 root : Сервер недоступний.
ERROR 2021-11-05 23:08:42,832 root : Сервер недоступний.
ERROR 2021-11-05 23:09:42,854 root : Сервер недоступний.
ERROR 2021-11-05 23:10:42,860 root : Сервер недоступний.
ERROR 2021-11-05 23:11:42,876 root : Сервер недоступний.
ERROR 2021-11-05 23:12:42,918 root : Сервер недоступний.
ERROR 2021-11-05 23:13:42,936 root : Сервер недоступний.
ERROR 2021-11-05 23:14:42,950 root : Сервер недоступний.
ERROR 2021-11-05 23:15:42,966 root : Сервер недоступний.
ERROR 2021-11-05 23:16:42,977 root : Сервер недоступний.
ERROR 2021-11-05 23:17:43,010 root : Сервер недоступний.
ERROR 2021-11-05 23:18:43,048 root : Сервер недоступний.
ERROR 2021-11-05 23:19:43,105 root : Сервер недоступний.
ERROR 2021-11-05 23:20:43,141 root : Сервер недоступний.
ERROR 2021-11-05 23:21:43,184 root : Сервер недоступний.
ERROR 2021-11-05 23:22:43,195 root : Сервер недоступний.
ERROR 2021-11-05 23:23:43,222 root : Сервер недоступний.
ERROR 2021-11-05 23:24:43,265 root : Сервер недоступний.
ERROR 2021-11-05 23:25:43,322 root : Сервер недоступний.
ERROR 2021-11-05 23:26:43,328 root : Сервер недоступний.
ERROR 2021-11-05 23:27:43,378 root : Сервер недоступний.
ERROR 2021-11-05 23:28:43,432 root : Сервер недоступний.
ERROR 2021-11-05 23:29:43,484 root : Сервер недоступний.
ERROR 2021-11-05 23:30:43,488 root : Сервер недоступний.
ERROR 2021-11-05 23:31:43,541 root : Сервер недоступний.
ERROR 2021-11-05 23:32:43,568 root : Сервер недоступний.
ERROR 2021-11-05 23:33:43,591 root : Сервер недоступний.
ERROR 2021-11-05 23:34:43,636 root : Сервер недоступний.
ERROR 2021-11-05 23:35:43,662 root : Сервер недоступний.
ERROR 2021-11-05 23:36:43,712 root : Сервер недоступний.
ERROR 2021-11-05 23:37:43,760 root : Сервер недоступний.
ERROR 2021-11-05 23:38:43,765 root : Сервер недоступний.
ERROR 2021-11-05 23:39:43,782 root : Сервер недоступний.
ERROR 2021-11-05 23:40:43,834 root : Сервер недоступний.
ERROR 2021-11-05 23:41:43,893 root : Сервер недоступний.
ERROR 2021-11-05 23:42:43,952 root : Сервер недоступний.
ERROR 2021-11-05 23:43:44,007 root : Сервер недоступний.
ERROR 2021-11-05 23:44:44,053 root : Сервер недоступний.
ERROR 2021-11-05 23:45:44,112 root : Сервер недоступний.
ERROR 2021-11-05 23:46:44,159 root : Сервер недоступний.
ERROR 2021-11-05 23:47:44,182 root : Сервер недоступний.
ERROR 2021-11-05 23:48:44,240 root : Сервер недоступний.
ERROR 2021-11-05 23:49:47,673 root : Сервер недоступний.
ERROR 2021-11-05 23:50:47,715 root : Сервер недоступний.
ERROR 2021-11-05 23:51:47,766 root : Сервер недоступний.
ERROR 2021-11-05 23:52:47,825 root : Сервер недоступний.
ERROR 2021-11-05 23:53:47,843 root : Сервер недоступний.
ERROR 2021-11-05 23:54:47,868 root : Сервер недоступний.
ERROR 2021-11-05 23:55:47,930 root : Сервер недоступний.
ERROR 2021-11-05 23:56:47,949 root : Сервер недоступний.
ERROR 2021-11-05 23:57:47,960 root : Сервер недоступний.
ERROR 2021-11-05 23:58:47,986 root : Сервер недоступний.
ERROR 2021-11-05 23:59:48,034 root : Сервер недоступний.
ERROR 2021-11-06 00:00:48,051 root : Сервер недоступний.
ERROR 2021-11-06 00:01:48,076 root : Сервер недоступний.
ERROR 2021-11-06 00:02:48,129 root : Сервер недоступний.
ERROR 2021-11-06 00:03:48,149 root : Сервер недоступний.
ERROR 2021-11-06 00:04:48,163 root : Сервер недоступний.
ERROR 2021-11-06 00:05:48,203 root : Сервер недоступний.
ERROR 2021-11-06 00:06:48,240 root : Сервер недоступний.
ERROR 2021-11-06 00:07:48,258 root : Сервер недоступний.
ERROR 2021-11-06 00:08:48,306 root : Сервер недоступний.
ERROR 2021-11-06 00:09:48,352 root : Сервер недоступний.
ERROR 2021-11-06 00:10:48,409 root : Сервер недоступний.
ERROR 2021-11-06 00:11:48,462 root : Сервер недоступний.
ERROR 2021-11-06 00:12:48,513 root : Сервер недоступний.
ERROR 2021-11-06 00:13:48,535 root : Сервер недоступний.
ERROR 2021-11-06 00:14:48,584 root : Сервер недоступний.
ERROR 2021-11-06 00:15:48,642 root : Сервер недоступний.
ERROR 2021-11-06 00:16:48,658 root : Сервер недоступний.
ERROR 2021-11-06 00:17:48,669 root : Сервер недоступний.
ERROR 2021-11-06 00:18:48,706 root : Сервер недоступний.
ERROR 2021-11-06 00:19:48,719 root : Сервер недоступний.
ERROR 2021-11-06 00:20:48,728 root : Сервер недоступний.
ERROR 2021-11-06 00:21:48,788 root : Сервер недоступний.
ERROR 2021-11-06 00:22:48,811 root : Сервер недоступний.
ERROR 2021-11-06 00:23:48,863 root : Сервер недоступний.
ERROR 2021-11-06 00:24:48,884 root : Сервер недоступний.
ERROR 2021-11-06 00:25:48,908 root : Сервер недоступний.
ERROR 2021-11-06 00:26:48,911 root : Сервер недоступний.
ERROR 2021-11-06 00:27:48,919 root : Сервер недоступний.
ERROR 2021-11-06 00:28:48,949 root : Сервер недоступний.
ERROR 2021-11-06 00:29:48,969 root : Сервер недоступний.
ERROR 2021-11-06 00:30:49,028 root : Сервер недоступний.
ERROR 2021-11-06 00:31:49,048 root : Сервер недоступний.
ERROR 2021-11-06 00:32:49,104 root : Сервер недоступний.
ERROR 2021-11-06 00:33:49,119 root : Сервер недоступний.
ERROR 2021-11-06 00:34:49,156 root : Сервер недоступний.
ERROR 2021-11-06 00:35:49,200 root : Сервер недоступний.
ERROR 2021-11-06 00:36:49,227 root : Сервер недоступний.
ERROR 2021-11-06 00:37:49,285 root : Сервер недоступний.
ERROR 2021-11-06 00:38:49,291 root : Сервер недоступний.
ERROR 2021-11-06 00:39:49,346 root : Сервер недоступний.
ERROR 2021-11-06 00:40:49,352 root : Сервер недоступний.
ERROR 2021-11-06 00:41:49,370 root : Сервер недоступний.
ERROR 2021-11-06 00:42:49,399 root : Сервер недоступний.
ERROR 2021-11-06 00:43:49,405 root : Сервер недоступний.
ERROR 2021-11-06 00:44:49,463 root : Сервер недоступний.
ERROR 2021-11-06 00:45:49,488 root : Сервер недоступний.
ERROR 2021-11-06 00:46:49,538 root : Сервер недоступний.
ERROR 2021-11-06 00:47:49,555 root : Сервер недоступний.
ERROR 2021-11-06 00:48:49,572 root : Сервер недоступний.
ERROR 2021-11-06 00:49:49,581 root : Сервер недоступний.
ERROR 2021-11-06 00:50:49,593 root : Сервер недоступний.
ERROR 2021-11-06 00:51:49,618 root : Сервер недоступний.
ERROR 2021-11-06 00:52:49,665 root : Сервер недоступний.
ERROR 2021-11-06 00:53:49,723 root : Сервер недоступний.
